  Func_1.c
c:\users\hodor\source\repos\musicplayer\musicplayer\func_1.c(15): warning C4996: 'fopen': This function or variable may be unsafe. Consider using fopen_s instead. To disable deprecation, use _CRT_SECURE_NO_WARNINGS. See online help for details.
  c:\program files (x86)\windows kits\10\include\10.0.17763.0\ucrt\stdio.h(208): note: 'fopen' 선언을 참조하십시오.
c:\users\hodor\source\repos\musicplayer\musicplayer\func_1.c(18): warning C4996: 'fscanf': This function or variable may be unsafe. Consider using fscanf_s instead. To disable deprecation, use _CRT_SECURE_NO_WARNINGS. See online help for details.
  c:\program files (x86)\windows kits\10\include\10.0.17763.0\ucrt\stdio.h(1197): note: 'fscanf' 선언을 참조하십시오.
c:\users\hodor\source\repos\musicplayer\musicplayer\func_1.c(34): warning C4101: 'ImageName' :참조되지 않은 지역 변수입니다.
c:\users\hodor\source\repos\musicplayer\musicplayer\func_1.c(38): warning C4101: 'Status' :참조되지 않은 지역 변수입니다.
c:\users\hodor\source\repos\musicplayer\musicplayer\func_1.c(36): warning C4101: 'Session' :참조되지 않은 지역 변수입니다.
c:\users\hodor\source\repos\musicplayer\musicplayer\func_1.c(41): warning C4101: 'WindowTitle' :참조되지 않은 지역 변수입니다.
c:\users\hodor\source\repos\musicplayer\musicplayer\func_1.c(37): warning C4101: 'memUse' :참조되지 않은 지역 변수입니다.
c:\users\hodor\source\repos\musicplayer\musicplayer\func_1.c(39): warning C4101: 'UserName' :참조되지 않은 지역 변수입니다.
c:\users\hodor\source\repos\musicplayer\musicplayer\func_1.c(35): warning C4101: 'PID' :참조되지 않은 지역 변수입니다.
c:\users\hodor\source\repos\musicplayer\musicplayer\func_1.c(67): warning C4996: 'fopen': This function or variable may be unsafe. Consider using fopen_s instead. To disable deprecation, use _CRT_SECURE_NO_WARNINGS. See online help for details.
  c:\program files (x86)\windows kits\10\include\10.0.17763.0\ucrt\stdio.h(208): note: 'fopen' 선언을 참조하십시오.
c:\users\hodor\source\repos\musicplayer\musicplayer\func_1.c(70): warning C4996: 'sprintf': This function or variable may be unsafe. Consider using sprintf_s instead. To disable deprecation, use _CRT_SECURE_NO_WARNINGS. See online help for details.
  c:\program files (x86)\windows kits\10\include\10.0.17763.0\ucrt\stdio.h(1774): note: 'sprintf' 선언을 참조하십시오.
c:\users\hodor\source\repos\musicplayer\musicplayer\func_1.c(71): warning C4996: 'sprintf': This function or variable may be unsafe. Consider using sprintf_s instead. To disable deprecation, use _CRT_SECURE_NO_WARNINGS. See online help for details.
  c:\program files (x86)\windows kits\10\include\10.0.17763.0\ucrt\stdio.h(1774): note: 'sprintf' 선언을 참조하십시오.
c:\users\hodor\source\repos\musicplayer\musicplayer\func_1.c(72): warning C4996: 'sprintf': This function or variable may be unsafe. Consider using sprintf_s instead. To disable deprecation, use _CRT_SECURE_NO_WARNINGS. See online help for details.
  c:\program files (x86)\windows kits\10\include\10.0.17763.0\ucrt\stdio.h(1774): note: 'sprintf' 선언을 참조하십시오.
c:\users\hodor\source\repos\musicplayer\musicplayer\func_1.c(94): warning C4996: 'sprintf': This function or variable may be unsafe. Consider using sprintf_s instead. To disable deprecation, use _CRT_SECURE_NO_WARNINGS. See online help for details.
  c:\program files (x86)\windows kits\10\include\10.0.17763.0\ucrt\stdio.h(1774): note: 'sprintf' 선언을 참조하십시오.
c:\users\hodor\source\repos\musicplayer\musicplayer\func_1.c(95): warning C4996: 'sprintf': This function or variable may be unsafe. Consider using sprintf_s instead. To disable deprecation, use _CRT_SECURE_NO_WARNINGS. See online help for details.
  c:\program files (x86)\windows kits\10\include\10.0.17763.0\ucrt\stdio.h(1774): note: 'sprintf' 선언을 참조하십시오.
c:\users\hodor\source\repos\musicplayer\musicplayer\func_1.c(96): warning C4996: 'sprintf': This function or variable may be unsafe. Consider using sprintf_s instead. To disable deprecation, use _CRT_SECURE_NO_WARNINGS. See online help for details.
  c:\program files (x86)\windows kits\10\include\10.0.17763.0\ucrt\stdio.h(1774): note: 'sprintf' 선언을 참조하십시오.
  main.c
  코드를 생성하고 있습니다...
  MusicPlayer.vcxproj -> C:\Users\hodor\source\repos\MusicPlayer\Debug\MusicPlayer.exe
