  Function_1.c
c:\users\user\source\repos\mptemprrr\mptemprrr\function_1.c(15): warning C4996: 'fopen': This function or variable may be unsafe. Consider using fopen_s instead. To disable deprecation, use _CRT_SECURE_NO_WARNINGS. See online help for details.
  c:\program files (x86)\windows kits\10\include\10.0.17763.0\ucrt\stdio.h(208): note: 'fopen' 선언을 참조하십시오.
c:\users\user\source\repos\mptemprrr\mptemprrr\function_1.c(18): warning C4996: 'fscanf': This function or variable may be unsafe. Consider using fscanf_s instead. To disable deprecation, use _CRT_SECURE_NO_WARNINGS. See online help for details.
  c:\program files (x86)\windows kits\10\include\10.0.17763.0\ucrt\stdio.h(1197): note: 'fscanf' 선언을 참조하십시오.
c:\users\user\source\repos\mptemprrr\mptemprrr\function_1.c(66): warning C4047: '=': 'char'의 간접 참조 수준이 'void *'과(와) 다릅니다.
c:\users\user\source\repos\mptemprrr\mptemprrr\function_1.c(67): warning C4047: '=': 'char'의 간접 참조 수준이 'char *'과(와) 다릅니다.
c:\users\user\source\repos\mptemprrr\mptemprrr\function_1.c(42): warning C4996: 'fopen': This function or variable may be unsafe. Consider using fopen_s instead. To disable deprecation, use _CRT_SECURE_NO_WARNINGS. See online help for details.
  c:\program files (x86)\windows kits\10\include\10.0.17763.0\ucrt\stdio.h(208): note: 'fopen' 선언을 참조하십시오.
c:\users\user\source\repos\mptemprrr\mptemprrr\function_1.c(45): warning C4996: 'sprintf': This function or variable may be unsafe. Consider using sprintf_s instead. To disable deprecation, use _CRT_SECURE_NO_WARNINGS. See online help for details.
  c:\program files (x86)\windows kits\10\include\10.0.17763.0\ucrt\stdio.h(1774): note: 'sprintf' 선언을 참조하십시오.
c:\users\user\source\repos\mptemprrr\mptemprrr\function_1.c(46): warning C4996: 'sprintf': This function or variable may be unsafe. Consider using sprintf_s instead. To disable deprecation, use _CRT_SECURE_NO_WARNINGS. See online help for details.
  c:\program files (x86)\windows kits\10\include\10.0.17763.0\ucrt\stdio.h(1774): note: 'sprintf' 선언을 참조하십시오.
c:\users\user\source\repos\mptemprrr\mptemprrr\function_1.c(48): warning C4996: 'strtok': This function or variable may be unsafe. Consider using strtok_s instead. To disable deprecation, use _CRT_SECURE_NO_WARNINGS. See online help for details.
  c:\program files (x86)\windows kits\10\include\10.0.17763.0\ucrt\string.h(440): note: 'strtok' 선언을 참조하십시오.
c:\users\user\source\repos\mptemprrr\mptemprrr\function_1.c(50): warning C4996: 'sprintf': This function or variable may be unsafe. Consider using sprintf_s instead. To disable deprecation, use _CRT_SECURE_NO_WARNINGS. See online help for details.
  c:\program files (x86)\windows kits\10\include\10.0.17763.0\ucrt\stdio.h(1774): note: 'sprintf' 선언을 참조하십시오.
c:\users\user\source\repos\mptemprrr\mptemprrr\function_1.c(63): warning C4996: 'sprintf': This function or variable may be unsafe. Consider using sprintf_s instead. To disable deprecation, use _CRT_SECURE_NO_WARNINGS. See online help for details.
  c:\program files (x86)\windows kits\10\include\10.0.17763.0\ucrt\stdio.h(1774): note: 'sprintf' 선언을 참조하십시오.
c:\users\user\source\repos\mptemprrr\mptemprrr\function_1.c(64): warning C4996: 'sprintf': This function or variable may be unsafe. Consider using sprintf_s instead. To disable deprecation, use _CRT_SECURE_NO_WARNINGS. See online help for details.
  c:\program files (x86)\windows kits\10\include\10.0.17763.0\ucrt\stdio.h(1774): note: 'sprintf' 선언을 참조하십시오.
c:\users\user\source\repos\mptemprrr\mptemprrr\function_1.c(67): warning C4996: 'strtok': This function or variable may be unsafe. Consider using strtok_s instead. To disable deprecation, use _CRT_SECURE_NO_WARNINGS. See online help for details.
  c:\program files (x86)\windows kits\10\include\10.0.17763.0\ucrt\string.h(440): note: 'strtok' 선언을 참조하십시오.
c:\users\user\source\repos\mptemprrr\mptemprrr\function_1.c(69): warning C4996: 'sprintf': This function or variable may be unsafe. Consider using sprintf_s instead. To disable deprecation, use _CRT_SECURE_NO_WARNINGS. See online help for details.
  c:\program files (x86)\windows kits\10\include\10.0.17763.0\ucrt\stdio.h(1774): note: 'sprintf' 선언을 참조하십시오.
  MPtemprrr.vcxproj -> c:\users\user\source\repos\MPtemprrr\Debug\MPtemprrr.exe
